2018-06-11 22:06:14,762 Instabot Started
2018-06-11 22:06:17,499 Logged-in successfully as 'mg_bot'!
2018-06-11 22:06:17,500 Saved cookie!
2018-06-11 22:09:01,544 Instabot Started
2018-06-11 22:09:01,552 Logged-in successfully as 'mg_bot' using the cookie!
2018-06-11 22:10:18,292 Instabot Started
2018-06-11 22:10:18,299 Logged-in successfully as 'mg_bot' using the cookie!
2018-06-11 22:11:12,924 Instabot Started
2018-06-11 22:11:12,933 Logged-in successfully as 'mg_bot' using the cookie!
2018-06-11 22:16:47,280 Instabot Started
2018-06-11 22:16:47,290 Logged-in successfully as 'mg_bot' using the cookie!
2018-06-11 22:18:18,305 Instabot Started
2018-06-11 22:18:18,313 Logged-in successfully as 'mg_bot' using the cookie!
2018-06-11 22:18:20,736 Received 76 medias.
2018-06-11 22:18:20,736 After filtration 68 medias left.
2018-06-11 22:21:23,861 Bot stopped. Worked: 0:03:05.557898
2018-06-11 22:21:23,867 Total requests: 2
2018-06-11 22:24:39,217 Instabot Started
2018-06-11 22:24:39,224 Logged-in successfully as 'mg_bot' using the cookie!
2018-06-11 22:24:42,108 Received 76 medias.
2018-06-11 22:24:42,109 After filtration 68 medias left.
2018-06-11 22:24:51,727 Photo 'memesToBeUploaded/1799398807336990495.jpg' is uploaded.
2018-06-11 22:24:52,431 Bot stopped. Worked: 0:06:34.128020
2018-06-11 22:24:52,432 Total requests: 7
2018-06-12 00:13:19,186 Bot stopped. Worked: 1:55:00.879576
2018-06-12 00:13:19,194 Total requests: 7
2018-06-12 00:17:07,398 Instabot Started
2018-06-12 00:17:07,406 Logged-in successfully as 'mg_bot' using the cookie!
2018-06-12 00:18:41,272 Instabot Started
2018-06-12 00:18:41,275 Logged-in successfully as 'mg_bot' using the cookie!
2018-06-12 00:18:45,644 Received 76 medias.
2018-06-12 00:18:45,645 After filtration 68 medias left.
2018-06-12 00:34:34,804 Instabot Started
2018-06-12 00:34:34,811 Logged-in successfully as 'mg_bot' using the cookie!
2018-06-12 00:34:37,671 Received 76 medias.
2018-06-12 00:34:37,672 After filtration 68 medias left.
2018-06-12 00:34:44,945 Photo 'memesToBeUploaded/1798280130632885489.jpg' is uploaded.
2018-06-12 00:34:45,210 Bot stopped. Worked: 2:16:26.906959
2018-06-12 00:34:45,225 Total requests: 16
2018-06-12 00:34:45,226 Bot stopped. Worked: 2:16:26.922626
2018-06-12 00:34:45,226 Total requests: 16
2018-06-12 00:37:05,688 Instabot Started
2018-06-12 00:37:05,698 Logged-in successfully as 'mg_bot' using the cookie!
2018-06-12 00:37:08,056 Received 76 medias.
2018-06-12 00:37:08,056 After filtration 68 medias left.
2018-06-12 00:37:14,650 Photo 'memesToBeUploaded/1797198150918832287.jpg' is uploaded.
2018-06-12 00:37:14,839 Bot stopped. Worked: 2:18:56.535441
2018-06-12 00:37:14,839 Total requests: 22
2018-06-12 00:37:14,840 Bot stopped. Worked: 2:18:56.536435
2018-06-12 00:37:14,840 Total requests: 22
2018-06-12 00:41:52,841 Instabot Started
2018-06-12 00:41:52,850 Logged-in successfully as 'mg_bot' using the cookie!
2018-06-12 00:41:54,377 Instabot Started
2018-06-12 00:41:54,379 Logged-in successfully as 'mg_bot' using the cookie!
2018-06-12 00:41:54,874 Received 76 medias.
2018-06-12 00:41:54,874 After filtration 68 medias left.
2018-06-12 00:41:56,156 Received 76 medias.
2018-06-12 00:41:56,156 After filtration 68 medias left.
2018-06-12 00:42:03,619 Photo 'memesToBeUploaded/1795187493002188198.jpg' is uploaded.
2018-06-12 00:42:03,619 Photo 'memesToBeUploaded/1795187493002188198.jpg' is uploaded.
2018-06-12 00:42:03,620 Download Failed
2018-06-12 00:42:03,802 Bot stopped. Worked: 2:23:45.499238
2018-06-12 00:42:03,803 Total requests: 28
2018-06-12 00:42:03,804 Bot stopped. Worked: 2:23:45.501236
2018-06-12 00:42:03,805 Total requests: 28
2018-06-12 00:42:13,862 Photo 'memesToBeUploaded/1795187401776000245.jpg' is uploaded.
2018-06-12 00:42:14,083 Bot stopped. Worked: 2:23:55.780093
2018-06-12 00:42:14,084 Total requests: 32
2018-06-12 00:42:14,085 Bot stopped. Worked: 2:23:55.782017
2018-06-12 00:42:14,086 Total requests: 32
2018-06-12 00:45:12,770 Instabot Started
2018-06-12 00:45:13,414 Request returns 400 error!
2018-06-12 00:45:13,414 Instagram's error message: The username you entered doesn't appear to belong to an account. Please check your username and try again.
2018-06-12 00:45:13,414 Error type: invalid_user
2018-06-12 00:45:13,415 Username or password is incorrect.
2018-06-12 00:46:33,594 Instabot Started
2018-06-12 00:46:34,165 Request returns 400 error!
2018-06-12 00:46:34,166 Instagram's error message: The username you entered doesn't appear to belong to an account. Please check your username and try again.
2018-06-12 00:46:34,166 Error type: invalid_user
2018-06-12 00:46:34,167 Username or password is incorrect.
2018-06-12 00:47:39,803 Instabot Started
2018-06-12 00:47:40,544 Request returns 400 error!
2018-06-12 00:47:40,545 Instagram's error message: The username you entered doesn't appear to belong to an account. Please check your username and try again.
2018-06-12 00:47:40,545 Error type: invalid_user
2018-06-12 00:47:40,546 Username or password is incorrect.
2018-06-12 00:48:31,271 Instabot Started
2018-06-12 00:48:31,993 Request returns 400 error!
2018-06-12 00:48:31,994 Instagram's error message: The username you entered doesn't appear to belong to an account. Please check your username and try again.
2018-06-12 00:48:31,994 Error type: invalid_user
2018-06-12 00:48:31,994 Username or password is incorrect.
2018-06-12 00:49:09,488 Instabot Started
2018-06-12 00:49:09,498 Logged-in successfully as 'mg_bot' using the cookie!
2018-06-12 00:49:11,992 Received 76 medias.
2018-06-12 00:49:11,992 After filtration 68 medias left.
2018-06-12 00:49:20,349 Photo 'memesToBeUploaded/1795187325221687117.jpg' is uploaded.
2018-06-12 00:49:20,631 Bot stopped. Worked: 2:31:02.328019
2018-06-12 00:49:20,632 Total requests: 38
2018-06-12 00:49:20,633 Bot stopped. Worked: 2:31:02.329706
2018-06-12 00:49:20,633 Total requests: 38
2018-06-12 01:25:17,150 Instabot Started
2018-06-12 01:25:17,157 Logged-in successfully as 'mg_bot' using the cookie!
2018-06-12 01:25:21,487 Received 76 medias.
2018-06-12 01:25:21,488 After filtration 68 medias left.
2018-06-12 01:25:39,019 Photo 'memesToBeUploaded/1794689815561971169.jpg' is uploaded.
2018-06-12 01:25:40,090 Bot stopped. Worked: 3:07:21.787303
2018-06-12 01:25:40,091 Total requests: 44
2018-06-12 01:26:00,490 Bot stopped. Worked: 3:07:42.186882
2018-06-12 01:26:00,493 Total requests: 44
2018-06-13 03:35:22,672 Instabot Started
2018-06-13 03:35:22,679 Logged-in successfully as 'mg_bot' using the cookie!
2018-06-13 03:35:25,891 Received 77 medias.
2018-06-13 03:35:25,892 After filtration 76 medias left.
2018-06-13 03:35:30,589 Download Failed
2018-06-13 03:35:36,317 Download Failed
2018-06-13 03:35:39,437 Bot stopped. Worked: 1 day, 5:17:21.133897
2018-06-13 03:35:39,438 Total requests: 52
2018-06-13 03:38:13,329 Instabot Started
2018-06-13 03:38:13,331 Logged-in successfully as 'mg_bot' using the cookie!
2018-06-13 03:38:15,936 Received 79 medias.
2018-06-13 03:38:15,936 After filtration 70 medias left.
2018-06-13 03:38:28,236 Photo 'accounts/mg_bot/memesToBeUploaded/1800539775969295389.jpg' is uploaded.
2018-06-13 03:38:28,741 Bot stopped. Worked: 1 day, 5:20:10.438018
2018-06-13 03:38:28,742 Total requests: 57
2018-06-13 03:39:04,510 Bot stopped. Worked: 1 day, 5:20:46.206701
2018-06-13 03:39:04,512 Total requests: 57
2018-06-14 19:01:10,822 Instabot Started
2018-06-14 19:01:10,829 Logged-in successfully as 'mg_bot' using the cookie!
2018-06-14 19:01:13,654 Received 75 medias.
2018-06-14 19:01:13,670 After filtration 75 medias left.
2018-06-14 19:01:22,019 Photo 'accounts/mg_bot/memesToBeUploaded/1801729096921956576.jpg' is uploaded.
2018-06-14 19:01:22,340 Bot stopped. Worked: 2 days, 20:43:04.036814
2018-06-14 19:01:22,341 Total requests: 63
2018-06-14 19:01:25,969 Instabot Started
2018-06-14 19:01:25,973 Logged-in successfully as 'mg_bot' using the cookie!
2018-06-14 19:01:29,304 Received 75 medias.
2018-06-14 19:01:29,304 After filtration 75 medias left.
2018-06-14 19:01:38,999 Photo 'accounts/mg_bot/memesToBeUploaded/1801729230468577742.jpg' is uploaded.
2018-06-14 19:01:39,373 Bot stopped. Worked: 2 days, 20:43:21.069762
2018-06-14 19:01:39,374 Total requests: 68
2018-06-14 19:01:50,548 Bot stopped. Worked: 2 days, 20:43:32.244953
2018-06-14 19:01:50,549 Bot stopped. Worked: 2 days, 20:43:32.246127
2018-06-14 19:01:50,551 Total requests: 68
2018-06-14 19:01:50,551 Total requests: 63
2018-06-14 19:31:25,600 Instabot Started
2018-06-14 19:31:25,606 Logged-in successfully as 'mg_bot' using the cookie!
2018-06-14 19:31:28,881 Received 76 medias.
2018-06-14 19:31:28,881 After filtration 68 medias left.
2018-06-14 19:31:33,434 Download Failed
2018-06-14 19:31:37,829 Download Failed
2018-06-14 19:31:46,750 Photo 'accounts/mg_bot/memesToBeUploaded/1801744228907179927.jpg' is uploaded.
2018-06-14 19:31:47,062 Bot stopped. Worked: 2 days, 21:13:28.758488
2018-06-14 19:31:47,062 Total requests: 78
2018-06-14 19:32:22,864 Bot stopped. Worked: 2 days, 21:14:04.560591
2018-06-14 19:32:22,866 Total requests: 78
2018-06-14 19:32:58,079 Instabot Started
2018-06-14 19:32:58,086 Logged-in successfully as 'mg_bot' using the cookie!
2018-06-14 19:33:00,600 Received 76 medias.
2018-06-14 19:33:00,600 After filtration 71 medias left.
2018-06-14 19:33:08,338 Download Failed
2018-06-14 19:33:16,225 Photo 'accounts/mg_bot/memesToBeUploaded/1801745010262291921.jpg' is uploaded.
2018-06-14 19:33:16,549 Bot stopped. Worked: 2 days, 21:14:58.245529
2018-06-14 19:33:16,550 Total requests: 86
2018-06-14 19:34:11,828 Bot stopped. Worked: 2 days, 21:15:53.524543
2018-06-14 19:34:11,829 Total requests: 86
2018-06-14 19:35:38,247 Instabot Started
2018-06-14 19:35:38,254 Logged-in successfully as 'mg_bot' using the cookie!
2018-06-14 19:35:40,871 Received 78 medias.
2018-06-14 19:35:40,872 After filtration 72 medias left.
2018-06-14 19:35:51,250 Photo 'accounts/mg_bot/memesToBeUploaded/1801746367079353437.jpg' is uploaded.
2018-06-14 19:35:51,587 Bot stopped. Worked: 2 days, 21:17:33.283401
2018-06-14 19:35:51,587 Total requests: 92
2018-06-15 18:42:25,205 Instabot Started
2018-06-15 18:42:25,211 Logged-in successfully as 'mg_bot' using the cookie!
2018-06-15 18:42:25,709 Bot stopped. Worked: 3 days, 20:24:07.405321
2018-06-15 18:42:25,714 Total requests: 92
2018-06-15 18:43:11,813 Instabot Started
2018-06-15 18:43:11,819 Logged-in successfully as 'mg_bot' using the cookie!
2018-06-15 18:43:12,356 Bot stopped. Worked: 3 days, 20:24:54.053233
2018-06-15 18:43:12,358 Total requests: 92
2018-06-15 18:43:55,586 Instabot Started
2018-06-15 18:43:55,593 Logged-in successfully as 'mg_bot' using the cookie!
2018-06-15 18:44:02,042 Photo 'accounts/mg_bot/menuItemsToBeUploaded/Durban Poison.jpg' is uploaded.
2018-06-15 18:44:07,253 Request returns 400 error!
2018-06-15 18:44:07,253 Instagram's error message: Uploaded image isn't in the right format
2018-06-15 18:44:07,254 Photo 'accounts/mg_bot/menuItemsToBeUploaded/Durban Poison.png' is not uploaded.
2018-06-15 18:44:07,572 Bot stopped. Worked: 3 days, 20:25:49.268735
2018-06-15 18:44:07,573 Total requests: 95
2018-06-15 18:45:30,322 Bot stopped. Worked: 3 days, 20:27:12.018473
2018-06-15 18:45:30,323 Total requests: 95
2018-06-15 18:46:05,787 Instabot Started
2018-06-15 18:46:05,795 Logged-in successfully as 'mg_bot' using the cookie!
2018-06-15 18:46:06,249 Bot stopped. Worked: 3 days, 20:27:47.945686
2018-06-15 18:46:06,250 Total requests: 96
2018-06-15 19:50:08,857 Instabot Started
2018-06-15 19:50:08,864 Logged-in successfully as 'mg_bot' using the cookie!
2018-06-15 19:50:09,889 Bot stopped. Worked: 3 days, 21:31:51.585865
2018-06-15 19:50:09,890 Total requests: 96
2018-06-15 19:51:51,353 Instabot Started
2018-06-15 19:51:51,360 Logged-in successfully as 'mg_bot' using the cookie!
2018-06-15 19:51:52,177 Bot stopped. Worked: 3 days, 21:33:33.874085
2018-06-15 19:51:52,178 Total requests: 96
2018-06-15 19:52:36,525 Instabot Started
2018-06-15 19:52:36,532 Logged-in successfully as 'mg_bot' using the cookie!
2018-06-15 19:52:39,466 Bot stopped. Worked: 3 days, 21:34:21.162732
2018-06-15 19:52:39,467 Total requests: 96
2018-06-15 19:55:05,176 Instabot Started
2018-06-15 19:55:05,183 Logged-in successfully as 'mg_bot' using the cookie!
2018-06-15 19:55:12,493 Photo 'accounts/mg_bot/dailyDealsToBeUploaded/2018-06-15 19:55:05.174642.jpg' is uploaded.
2018-06-15 20:25:47,646 Instabot Started
2018-06-15 20:25:47,657 Logged-in successfully as 'mg_bot' using the cookie!
2018-06-15 20:32:24,710 Instabot Started
2018-06-15 20:32:24,744 Logged-in successfully as 'mg_bot' using the cookie!
2018-06-15 20:32:27,642 Received 75 medias.
2018-06-15 20:32:27,642 After filtration 71 medias left.
2018-06-15 20:32:33,312 Download Failed
2018-06-15 20:32:42,353 Photo 'accounts/mg_bot/memesToBeUploaded/1802499782994728102.jpg' is uploaded.
2018-06-15 20:32:42,707 Bot stopped. Worked: 3 days, 22:14:24.403355
2018-06-15 20:32:42,708 Total requests: 103
2018-06-15 20:33:08,807 Bot stopped. Worked: 3 days, 22:14:50.503878
2018-06-15 20:33:08,809 Total requests: 103
2018-06-17 22:08:00,559 Instabot Started
2018-06-17 22:08:00,566 Logged-in successfully as 'mg_bot' using the cookie!
2018-06-17 22:08:03,798 Received 75 medias.
2018-06-17 22:08:03,798 After filtration 68 medias left.
2018-06-17 22:08:13,126 Photo 'accounts/mg_bot/memesToBeUploaded/1803997444205979144.jpg' is uploaded.
2018-06-17 22:08:13,306 Bot stopped. Worked: 5 days, 23:49:55.002573
2018-06-17 22:08:13,306 Total requests: 109
2018-06-17 22:08:13,307 Bot stopped. Worked: 5 days, 23:49:55.004203
2018-06-17 22:08:13,308 Total requests: 109
