2018-06-11 15:13:07,278 Instabot Started
2018-06-11 15:13:10,140 Logged-in successfully as 'mg_bot'!
2018-06-11 15:13:10,141 Saved cookie!
2018-06-11 15:13:14,028 Received 76 medias.
2018-06-11 15:13:14,029 After filtration 61 medias left.
2018-06-11 15:13:14,959 Bot stopped. Worked: 0:00:07.682776
2018-06-11 15:13:14,960 Total requests: 4
2018-06-11 15:13:55,419 Instabot Started
2018-06-11 15:13:55,425 Logged-in successfully as 'mg_bot' using the cookie!
2018-06-11 15:13:57,552 Received 76 medias.
2018-06-11 15:13:57,553 After filtration 61 medias left.
2018-06-11 15:14:07,248 Photo 'memesToBeUploaded/1799422143689645614.jpg' is uploaded.
2018-06-11 15:14:07,251 Download Failed
2018-06-11 15:14:16,470 Photo 'memesToBeUploaded/1798280130632885489.jpg' is uploaded.
2018-06-11 15:14:16,473 Download Failed
2018-06-11 15:14:25,657 Photo 'memesToBeUploaded/1795187493002188198.jpg' is uploaded.
2018-06-11 15:14:25,659 Download Failed
2018-06-11 15:14:31,985 Instabot Started
2018-06-11 15:14:31,990 Logged-in successfully as 'mg_bot' using the cookie!
2018-06-11 15:14:33,990 Received 76 medias.
2018-06-11 15:14:34,008 After filtration 61 medias left.
2018-06-11 15:14:40,513 Photo 'memesToBeUploaded/1799422143689645614.jpg' is uploaded.
2018-06-11 15:14:40,514 Download Failed
2018-06-11 15:14:51,090 Photo 'memesToBeUploaded/1798280130632885489.jpg' is uploaded.
2018-06-11 15:14:51,091 Download Failed
2018-06-11 15:15:27,757 Instabot Started
2018-06-11 15:15:27,763 Logged-in successfully as 'mg_bot' using the cookie!
2018-06-11 15:15:29,899 Received 76 medias.
2018-06-11 15:15:29,899 After filtration 61 medias left.
2018-06-11 15:15:40,632 Photo 'memesToBeUploaded/1799422143689645614.jpg' is uploaded.
2018-06-11 15:15:41,022 Bot stopped. Worked: 0:02:33.745542
2018-06-11 15:15:41,023 Total requests: 25
2018-06-11 15:15:41,024 Bot stopped. Worked: 0:02:33.747579
2018-06-11 15:15:41,024 Total requests: 25
2018-06-11 15:16:01,139 Photo 'memesToBeUploaded/1795187493002188198.jpg' is uploaded.
2018-06-11 15:16:01,141 Download Failed
2018-06-11 15:16:12,230 Photo 'memesToBeUploaded/1795187401776000245.jpg' is uploaded.
2018-06-11 15:16:12,231 Download Failed
2018-06-11 15:16:20,862 Photo 'memesToBeUploaded/1794689815561971169.jpg' is uploaded.
2018-06-11 15:16:20,863 Download Failed
2018-06-11 15:16:27,106 Photo does not have a compatible photo aspect ratio.
2018-06-11 15:16:27,107 Photo 'memesToBeUploaded/1794686857210386046.jpg' is not uploaded.
2018-06-11 15:16:27,108 Download Failed
2018-06-11 15:16:31,323 Download Failed
2018-06-11 15:16:36,810 Download Failed
2018-06-11 15:16:42,702 Download Failed
2018-06-11 15:16:52,020 Photo 'memesToBeUploaded/1778797658136332735.jpg' is uploaded.
2018-06-11 15:16:52,022 Download Failed
2018-06-11 15:17:04,347 Photo 'memesToBeUploaded/1778789752737262790.jpg' is uploaded.
2018-06-11 15:17:04,349 Download Failed
2018-06-11 15:17:12,796 Photo 'memesToBeUploaded/1775557591852534240.jpg' is uploaded.
2018-06-11 15:17:12,797 Download Failed
2018-06-11 15:17:25,091 Photo 'memesToBeUploaded/1775557299576537673.jpg' is uploaded.
2018-06-11 15:17:25,091 Download Failed
2018-06-11 15:17:33,536 Photo 'memesToBeUploaded/1775556965357711693.jpg' is uploaded.
2018-06-11 15:17:33,552 Download Failed
2018-06-11 15:17:43,723 Photo 'memesToBeUploaded/1774930417498446499.jpg' is uploaded.
2018-06-11 15:17:43,725 Download Failed
2018-06-11 15:17:53,503 Photo 'memesToBeUploaded/1774876384418664615.jpg' is uploaded.
2018-06-11 15:17:53,504 Download Failed
2018-06-11 15:18:05,395 Photo 'memesToBeUploaded/1774530529770935182.jpg' is uploaded.
2018-06-11 15:18:05,395 Download Failed
2018-06-11 15:18:15,809 Photo 'memesToBeUploaded/1772343778856100399.jpg' is uploaded.
2018-06-11 15:18:15,810 Download Failed
2018-06-11 15:18:28,066 Photo 'memesToBeUploaded/1772275052063214576.jpg' is uploaded.
2018-06-11 15:18:28,074 Download Failed
2018-06-11 15:18:39,271 Photo 'memesToBeUploaded/1772153304026090123.jpg' is uploaded.
2018-06-11 15:18:39,272 Download Failed
2018-06-11 15:18:53,876 Photo 'memesToBeUploaded/1771139205733607328.jpg' is uploaded.
2018-06-11 15:18:53,877 Download Failed
2018-06-11 15:19:03,041 Photo 'memesToBeUploaded/1768527414655976819.jpg' is uploaded.
2018-06-11 15:19:03,048 Download Failed
2018-06-11 15:19:13,866 Photo 'memesToBeUploaded/1767969739247900184.jpg' is uploaded.
2018-06-11 15:19:13,866 Download Failed
2018-06-11 15:19:24,005 Photo 'memesToBeUploaded/1767079465424511137.jpg' is uploaded.
2018-06-11 15:19:24,005 Download Failed
2018-06-11 15:19:29,145 Download Failed
2018-06-11 15:19:40,077 Photo 'memesToBeUploaded/1766116230736203778.jpg' is uploaded.
2018-06-11 15:19:40,078 Download Failed
2018-06-11 15:19:50,171 Photo 'memesToBeUploaded/1766112980712623702.jpg' is uploaded.
2018-06-11 15:19:50,171 Download Failed
2018-06-11 15:20:02,681 Photo 'memesToBeUploaded/1765956626228316349.jpg' is uploaded.
2018-06-11 15:20:02,689 Download Failed
2018-06-11 15:20:08,733 Photo 'memesToBeUploaded/1765942467583323729.jpg' is uploaded.
2018-06-11 15:20:08,733 Download Failed
2018-06-11 15:20:19,304 Photo 'memesToBeUploaded/1765914252844408574.jpg' is uploaded.
2018-06-11 15:20:19,305 Download Failed
2018-06-11 15:20:27,865 Photo 'memesToBeUploaded/1765889035715491377.jpg' is uploaded.
2018-06-11 15:20:27,866 Download Failed
2018-06-11 15:20:28,483 Bot stopped. Worked: 0:07:21.206265
2018-06-11 15:20:28,485 Total requests: 119
2018-06-11 15:20:28,488 Bot stopped. Worked: 0:07:21.211230
2018-06-11 15:20:28,488 Total requests: 119
2018-06-11 17:24:47,935 Instabot Started
2018-06-11 17:24:47,943 Logged-in successfully as 'mg_bot' using the cookie!
2018-07-03 23:20:52,725 Instabot Started
2018-07-03 23:20:52,744 Logged-in successfully as 'mg_bot' using the cookie!
2018-07-03 23:21:02,445 Photo 'accounts/mg_bot/dailyDealsToBeUploaded/2018-07-03 23:20:52.724781.jpg' is uploaded.
2018-07-03 23:22:39,460 Bot stopped. Worked: 22 days, 8:09:32.181399
2018-07-03 23:22:39,464 Total requests: 122
2018-07-03 23:23:43,932 Instabot Started
2018-07-03 23:23:43,938 Logged-in successfully as 'mg_bot' using the cookie!
2018-07-03 23:23:50,866 Photo 'accounts/mg_bot/dailyDealsToBeUploaded/2018-07-03 23:23:43.931961.jpg' is uploaded.
2018-07-03 23:23:51,442 Bot stopped. Worked: 22 days, 8:10:44.166088
2018-07-03 23:23:51,454 Total requests: 124
2018-07-03 23:24:09,453 Instabot Started
2018-07-03 23:24:09,457 Logged-in successfully as 'mg_bot' using the cookie!
2018-07-03 23:24:18,502 Photo 'accounts/mg_bot/dailyDealsToBeUploaded/2018-07-03 23:24:09.451803.jpg' is uploaded.
2018-07-03 23:24:19,094 Bot stopped. Worked: 22 days, 8:11:11.817539
2018-07-03 23:24:19,095 Total requests: 126
2018-07-03 23:39:21,306 Instabot Started
2018-07-03 23:39:21,311 Logged-in successfully as 'mg_bot' using the cookie!
2018-07-03 23:39:25,154 Received 83 medias.
2018-07-03 23:39:25,155 After filtration 6 medias left.
2018-07-03 23:39:31,021 Download Failed
2018-07-03 23:39:43,574 Photo 'accounts/mg_bot/memesToBeUploaded/1814759224413385106.jpg' is uploaded.
2018-07-03 23:39:44,247 Bot stopped. Worked: 22 days, 8:26:36.971045
2018-07-03 23:39:44,248 Total requests: 133
2018-07-03 23:39:44,250 Bot stopped. Worked: 22 days, 8:26:36.973219
2018-07-03 23:39:44,250 Total requests: 133
